<?xml version="1.0" encoding="UTF-8"?>
<testng-results ignored="0" total="1" passed="1" failed="0" skipped="0">
  <reporter-output>
  </reporter-output>
  <suite started-at="2024-09-19T17:47:09 IST" name="Suite" finished-at="2024-09-19T17:47:23 IST" duration-ms="13580">
    <groups>
    </groups>
    <test started-at="2024-09-19T17:47:09 IST" name="Test" finished-at="2024-09-19T17:47:23 IST" duration-ms="13580">
      <class name="mainFramee.Frame">
        <test-method signature="add()[pri:0, instance:mainFramee.Frame@795cd85e]" started-at="2024-09-19T17:47:09 IST" name="add" finished-at="2024-09-19T17:47:23 IST" duration-ms="13503" status="PASS">
          <reporter-output>
          </reporter-output>
        </test-method> <!-- add -->
      </class> <!-- mainFramee.Frame -->
    </test> <!-- Test -->
  </suite> <!-- Suite -->
</testng-results>
